
=== 型式データなし車種のグレード取得再開 ===

対象車種: 877件

[1/877] BMW ＢＭＷ
１シリーズ...
  ✓ 70グレード  ✓ 70グレード保存
[2/877] BMW ＢＭ  ✓ 85グレード  ✓ 85グレード保存
[3/877] BMW ＢＭ  ✓ 346グレード  ✓ 346グレード保存
[4/877] BMW ＢＭ  ✓ 75グレード  ✓ 75グレード保存
[5/877] BMW ＢＭ  ✓ 264グレード  ✓ 264グレード保存
[6/877] BMW ＢＭＷ
６シリーズ...
  ✓ 38グレード保存
[7/877] BMW ＢＭ  ✓ 127グレード  ✓ 127グレード保存
[8/877] BMW ＢＭＷ
８シリーズ...
  ✓ 37グレード保存
[9/877] BMW ＢＭＷ
Ｍクーペ...
  ✓ 2グレード保存
[10/877] BMW ＢＭＷ
Ｍロードスター...
  ✓ 2グレード保存
[11/877] BMW ＢＭＷ
Ｍ２...
  ✓ 9グレード保存
[12/877] BMW ＢＭＷ
Ｍ３...
  ✓ 32グレード保存
[13/877] BMW ＢＭＷ
Ｍ４...
  ✓ 20グレード保存
[14/877] BMW ＢＭＷ
Ｍ５...
  ✓ 20グレード保存
[15/877] BMW ＢＭＷ
Ｍ６...
  ✓ 10グレード保存
[16/877] BMW ＢＭＷ
Ｍ８...
  ✓ 9グレード保存
[17/877] BMW ＢＭＷ
Ｘ１...
  ✓ 64グレード保存
[18/877] BMW ＢＭＷ
Ｘ２...
  ✓ 18グレード保存
[19/877] BMW ＢＭＷ
Ｘ３...
  ✓ 48グレード保存
[20/877] BMW ＢＭＷ
Ｘ３ Ｍ...
  ✓ 2グレード保存
[21/877] BMW ＢＭＷ
Ｘ４...
  ✓ 15グレード保存
[22/877] BMW ＢＭＷ
Ｘ４ Ｍ...
  ✓ 2グレード保存
[23/877] BMW ＢＭＷ
Ｘ５...
  ✓ 57グレード保存
[24/877] BMW ＢＭＷ
Ｘ５ Ｍ...
  ✓ 5グレード保存
[25/877] BMW ＢＭＷ
Ｘ６...
  ✓ 22グレード保存
[26/877] BMW ＢＭＷ
Ｘ６ Ｍ...
  ✓ 6グレード保存
[27/877] BMW ＢＭＷ
Ｘ７...
  ✓ 15グレード保存
[28/877] BMW ＢＭＷ
ＸＭ...
  ✓ 5グレード保存
[29/877] BMW ＢＭＷ
Ｚ３クーペ...
  ✓ 2グレード保存
[30/877] BMW ＢＭＷ
Ｚ３ロードスター...
  ✓ 13グレード保存
[31/877] BMW ＢＭＷ
Ｚ４...
  ✓ 29グレード保存
[32/877] BMW ＢＭＷ
Ｚ８...
  ✓ 1グレード保存
[33/877] MINI ＭＩ  ✓ 386グレード  ✓ 386グレード保存
[34/877] アストンマーティン アストンマーティン
ヴァルハラ...
  ✓ 0グレード保存
[35/877] アストンマーティン アストンマーティン
ヴァンキッシュ...
  ✓ 0グレード保存
[36/877] アストンマーティン アストンマーティン
ヴァンキッシュヴォランテ...
  ✓ 0グレード保存
[37/877] アストンマーティン アストンマーティン
Ｖ１２ヴァンキッシュ...
  ✓ 0グレード保存
[38/877] アストンマーティン アストンマーティン
Ｖ８...
  ✓ 0グレード保存
[39/877] キア 起亜
ビガート...
  ✓ 1グレード保存
[40/877] キャデラック キャデラック
キャデラックリムジン...
  ✓ 0グレード保存
[41/877] キャデラック キャデラック
キャデラックＸＴＳ...
  ✓ 0グレード保存
[42/877] クライスラー クライスラー
クライスラー・バイパー...
  ✓ 0グレード保存
[43/877] シボレー シボレー
シボレーアバランチ...
  ✓ 0グレード保存
[44/877] シボレー シボレー
シボレーキャプティバ...
  ✓ 0グレード保存
[45/877] シボレー シボレー
シボレーシェビー...
  ✓ 0グレード保存
[46/877] シボレー シボレー
シボレーシルバラード...
  ✓ 0グレード保存
[47/877] シボレー シボレー
シボレータホ...
  ✓ 0グレード保存
[48/877] シボレー シボレー
シボレートラバース...
  ✓ 0グレード保存
[49/877] シボレー シボレー
シボレーＨＨＲ...
  ✓ 0グレード保存
[50/877] ダイハツ ダイハツ
ハイゼットバン電気自動車...
  ✓ 0グレード保存

=== 進捗: 50/877 (1837グレード, 0エラー, 経過14.3分, 残り約236分) ===

[51/877] ダイハツ ダイハツ
ハイゼット電気自動車...
  ✓ 0グレード保存
[52/877] ダイハツ ダイハツ
ミラバンＣＮＧ車...
  ✓ 0グレード保存
[53/877] ダッジ ダッジ
ダッジ・チャージャー...
  ✓ 0グレード保存
[54/877] トヨタ トヨタ
ＭＲ－Ｓ...
  ✓ 8グレード保存
[55/877] トヨタ トヨタ
ＭＲ２...
  ✓ 13グレード保存
[56/877] トヨタ トヨタ
ＲＡＶ４...
  ✓ 24グレード保存
[57/877] トヨタ トヨタ
ＲＡＶ４ Ｌ...
  ✓ 103グレード保存
[58/877] トヨタ トヨタ
ＲＡＶ４ ＰＨＶ...
  ✓ 4グレード保存
[59/877] トヨタ トヨタ
ＳＡＩ...
  ✓ 12グレード保存
[60/877] トヨタ トヨタ
ＷｉＬＬ サイファ...
  ✓ 4グレード保存
[61/877] トヨタ トヨタ
ＷｉＬＬ ＶＳ...
  ✓ 8グレード保存
[62/877] トヨタ トヨタ
ＷｉＬＬ Ｖｉ...
  ✓ 7グレード保存
[63/877] トヨタ トヨタ
ｂＺ４Ｘ...
  ✓ 7グレード保存
[64/877] トヨタ トヨタ
ｉＱ...
  ✓ 21グレード保存
[65/877] ヒュンダイ ヒョンデ
アイオニック５...
  ✓ 10グレード保存
[66/877] ヒュンダイ ヒョンデ
アイオニック５ Ｎ...
  ✓ 1グレード保存
[67/877] ヒュンダイ ヒョンデ
インスター...
  ✓ 6グレード保存
[68/877] ヒュンダイ ヒョンデ
エラントラ...
  ✓ 5グレード保存
[69/877] ヒュンダイ ヒョンデ
エラントラユーロ...
  ✓ 3グレード保存
[70/877] ヒュンダイ ヒョンデ
グレンジャー...
  ✓ 5グレード保存
[71/877] ヒュンダイ ヒョンデ
コナ...
  ✓ 6グレード保存
[72/877] ヒュンダイ ヒョンデ
サンタフェ...
  ✓ 4グレード保存
[73/877] ヒュンダイ ヒョンデ
ソナタ...
  ✓ 3グレード保存
[74/877] ヒュンダイ ヒョンデ
トラジェ...
  ✓ 4グレード保存
[75/877] ヒュンダイ ヒョンデ
ネッソ...
  ✓ 1グレード保存
[76/877] ヒュンダイ ヒョンデ
ヒュンダイクーペ...
  ✓ 5グレード保存
[77/877] ヒュンダイ ヒョンデ
ＪＭ...
  ✓ 5グレード保存
[78/877] ヒュンダイ ヒョンデ
ＴＢ...
  ✓ 7グレード保存
[79/877] ヒュンダイ ヒョンデ
ＸＧ...
  ✓ 11グレード保存
[80/877] ヒュンダイ ヒョンデ
ｉ３０...
  ✓ 2グレード保存
[81/877] ヒュンダイ ヒョンデ
ｉ３０ｃｗ...
  ✓ 2グレード保存
[82/877] フィアット フィアット
ウーノ...
  ✓ 4グレード保存
[83/877] フィアット フィアット
クーペフィアット...
  ✓ 5グレード保存
[84/877] フィアット フィアット
ティーポ...
  ✓ 3グレード保存
[85/877] フィアット フィアット
テムプラ...
  ✓ 1グレード保存
[86/877] フィアット フィアット
ドブロ...
  ✓ 13グレード保存
[87/877] フィアット フィアット
ニューバルケッタ...
  ✓ 1グレード保存
[88/877] フィアット フィアット
ニューパンダ...
  ✓ 10グレード保存
[89/877] フィアット フィアット
ニュームルティプラ...
  ✓ 2グレード保存
[90/877] フィアット フィアット
バルケッタ...
  ✓ 4グレード保存
[91/877] フィアット フィアット
パンダ...
  ✓ 34グレード保存
[92/877] フィアット フィアット
ブラビッシモ...
  ✓ 1グレード保存
[93/877] フィアット フィアット
プント...
  ✓ 12グレード保存
[94/877] フィアット フィアット
プントエヴォ...
  ✓ 2グレード保存
[95/877] フィアット フィアット
ムルティプラ...
  ✓ 2グレード保存
[96/877] フィアット フィアット
５００...
  ✓ 103グレード保存
[97/877] フィアット フィアット
５００Ｃ...
  ✓ 37グレード保存
[98/877] フィアット フィアット
５００Ｓ...
  ✓ 9グレード保存
[99/877] フィアット フィアット
５００Ｘ...
  ✓ 21グレード保存
[100/877] フィアット フィアット
６００ハイブリッド...
  ✓ 4グレード保存

=== 進捗: 100/877 (2396グレード, 0エラー, 経過23.2分, 残り約180分) ===

[101/877] フェラーリ フェラーリ
アマルフィ...
  ✓ 0グレード保存
[102/877] フェラーリ フェラーリ
カリフォルニア...
  ✓ 1グレード保存
[103/877] フェラーリ フェラーリ
カリフォルニア３０...
  ✓ 1グレード保存
[104/877] フェラーリ フェラーリ
カリフォルニアＴ...
  ✓ 1グレード保存
[105/877] フェラーリ フェラーリ
スーパーアメリカ...
  ✓ 1グレード保存
[106/877] フェラーリ フェラーリ
プロサングエ...
  ✓ 1グレード保存
[107/877] フェラーリ フェラーリ
ポルトフィーノ...
  ✓ 1グレード保存
[108/877] フェラーリ フェラーリ
ポルトフィーノＭ...
  ✓ 1グレード保存
[109/877] フェラーリ フェラーリ
ローマ...
  ✓ 1グレード保存
[110/877] フェラーリ フェラーリ
ローマスパイダー...
  ✓ 1グレード保存
[111/877] フェラーリ フェラーリ
１２チリンドリ...
  ✓ 1グレード保存
[112/877] フェラーリ フェラーリ
１２チリンドリスパイダー...
  ✓ 1グレード保存
[113/877] フェラーリ フェラーリ
２９６スペチアーレ...
  ✓ 0グレード保存
[114/877] フェラーリ フェラーリ
３５５Ｆ１...
  ✓ 3グレード保存
[115/877] フェラーリ フェラーリ
３６０...
  ✓ 8グレード保存
[116/877] フェラーリ フェラーリ
４３０スクーデリア...
  ✓ 1グレード保存
[117/877] フェラーリ フェラーリ
４５６...
  ✓ 6グレード保存
[118/877] フェラーリ フェラーリ
４５８イタリア...
  ✓ 1グレード保存
[119/877] フェラーリ フェラーリ
４５８スパイダー...
  ✓ 1グレード保存
[120/877] フェラーリ フェラーリ
４５８スペチアーレ...
  ✓ 1グレード保存
[121/877] フェラーリ フェラーリ
４８８スパイダー...
  ✓ 1グレード保存
[122/877] フェラーリ フェラーリ
４８８ＧＴＢ...
  ✓ 1グレード保存
[123/877] フェラーリ フェラーリ
５５０...
  ✓ 1グレード保存
[124/877] フェラーリ フェラーリ
５７５...
  ✓ 4グレード保存
[125/877] フェラーリ フェラーリ
５９９...
  ✓ 2グレード保存
[126/877] フェラーリ フェラーリ
６１２...
  ✓ 4グレード保存
[127/877] フェラーリ フェラーリ
８１２ＧＴＳ...
  リトライ 1/3...
  ✓ 1グレード保存
[128/877] フェラーリ フェラーリ
８４９テスタロッサ...
  ✓ 0グレード保存
[129/877] フェラーリ フェラーリ
８４９テスタロッサスパイダー...
  ✓ 0グレード保存
[130/877] フェラーリ フェラーリ
Ｆ１２ベルリネッタ...
  ✓ 1グレード保存
[131/877] フェラーリ フェラーリ
Ｆ３５５...
  ✓ 3グレード保存
[132/877] フェラーリ フェラーリ
Ｆ４３０...
  ✓ 4グレード保存
[133/877] フェラーリ フェラーリ
Ｆ４３０スパイダー...
  ✓ 4グレード保存
[134/877] フェラーリ フェラーリ
Ｆ８スパイダー...
  ✓ 1グレード保存
[135/877] フェラーリ フェラーリ
Ｆ８トリブート...
  ✗ エラー
[136/877] フェラーリ フェラーリ
ＦＦ...
  ✗ エラー
[137/877] フェラーリ フェラーリ
ＧＴＣ４ルッソ...
  ✗ エラー
[138/877] フェラーリ フェラーリ
ＳＦ９０ ＸＸストラダーレ...
  ✗ エラー
[139/877] フェラーリ フェラーリ
ＳＦ９０ ＸＸスパイダー...
  ✗ エラー
存
[140/877] フェラーリ フェラーリ
ＳＦ９０ストラダーレ...
  ✓ 1グレード保存
[141/877] フェラーリ フェラーリ
ＳＦ９０スパイダー...
  ✓ 1グレード保存
[142/877] フォルクスワーゲン フォルクスワーゲン
アップ！...
  ✓ 14グレード保存
[143/877] フォルクスワーゲン フォルクスワーゲン
アルテオン...
  ✓ 8グレード保存
[144/877] フォルクスワーゲン フォルクスワーゲン
アルテオン シューティングブレーク...
  ✓ 3グレード保存
[145/877] フォルクスワーゲン フォルクスワーゲン
イオス...
  リトライ 1/3...
  リトライ 2/3...
  ✗ エラー
[146/877] フォルクスワーゲン フォルクスワーゲン
クロスゴルフ...
  ✗ エラー
８８スパイダー...
  ✗ エラー
[26/781] フェラーリ フェラーリ
４８８ＧＴＢ...
  ✗ エラー
[27/781] フェラーリ フェラーリ
５５０...
  ✗ エラー
[28/781] フェラーリ フェラーリ
５７５...
  ✗ エラー
[29/781] フェラーリ フェラーリ
５９９...
  ✗ エラー

=== 型式データなし車種のグレード取得再開 ===

対象車種: 756件

[1/756] アストンマーティン アストンマーティン
ヴァルハラ...
  ✓ 0グレード保存
[2/756] アストンマーティン アストンマーティン
ヴァンキッシュ...
  リトライ 1/3...
  ✓ 0グレード保存
[3/756] アストンマーティン アストンマーティン
ヴァンキッシュヴォランテ...
  ✓ 0グレード保存
[4/756] アストンマーティン アストンマーティン
Ｖ１２ヴァンキッシュ...
  ✓ 0グレード保存
[5/756] アストンマーティン アストンマーティン
Ｖ８...
  ✓ 0グレード保存
[6/756] キャデラック キャデラック
キャデラックリムジン...
  ✓ 0グレード保存
[7/756] キャデラック キャデラック
キャデラックＸＴＳ...
  ✓ 0グレード保存
[8/756] クライスラー クライスラー
クライスラー・バイパー...
  ✓ 0グレード保存
[9/756] シボレー シボレー
シボレーアバランチ...
  ✓ 0グレード保存
[10/756] シボレー シボレー
シボレーキャプティバ...
  ✓ 0グレード保存
[11/756] シボレー シボレー
シボレーシェビー...
  ✓ 0グレード保存
[12/756] シボレー シボレー
シボレーシルバラード...
  リトライ 1/3...
  リトライ 2/3...
  ✓ 0グレード保存
[13/756] シボレー シボレー
シボレータホ...
  ✓ 0グレード保存
[14/756] シボレー シボレー
シボレートラバース...
  ✓ 0グレード保存
[15/756] シボレー シボレー
シボレーＨＨＲ...
  ✓ 0グレード保存
[16/756] ダイハツ ダイハツ
ハイゼットバン電気自動車...
  ✓ 0グレード保存
[17/756] ダイハツ ダイハツ
ハイゼット電気自動車...
  ✓ 0グレード保存
[18/756] ダイハツ ダイハツ
ミラバンＣＮＧ車...
  ✓ 0グレード保存
[19/756] ダッジ ダッジ
ダッジ・チャージャー...
  ✓ 0グレード保存
[20/756] フェラーリ フェラーリ
アマルフィ...
  ✓ 0グレード保存
[21/756] フェラーリ フェラーリ
２９６スペチアーレ...
  ✓ 0グレード保存
[22/756] フェラーリ フェラーリ
８４９テスタロッサ...
  ✓ 0グレード保存
[23/756] フェラーリ フェラーリ
８４９テスタロッサスパイダー...
  ✓ 0グレード保存
[24/756] フォルクスワーゲン フォルクスワーゲン
イオス...
  ✓ 7グレード保存
[25/756] フォルクスワーゲン フォルクスワーゲン
クロスゴルフ...
  ✓ 1グレード保存
[26/756] フォルクスワーゲン フォルクスワーゲン
コラード...
  ✓ 2グレード保存
[27/756] フォルクスワーゲン フォルクスワーゲン
ゴルフ...
  ✓ 143グレード保存
[28/756] フォルクスワーゲン フォルクスワーゲン
ゴルフオールトラック...
  ✓ 3グレード保存
[29/756] フォルクスワーゲン フォルクスワーゲン
ゴルフカブリオ...
  ✓ 5グレード保存
[30/756] フォルクスワーゲン フォルクスワーゲン
ゴルフカブリオレ...
  ✓ 5グレード保存
[31/756] フォルクスワーゲン フォルクスワーゲン
ゴルフトゥーラン...
  ✓ 33グレード保存
[32/756] フォルクスワーゲン フォルクスワーゲン
ゴルフプラス...
  ✓ 3グレード保存
[33/756] フォルクスワーゲン フォルクスワーゲン
ゴルフワゴン...
  ✓ 22グレード保存
[34/756] フォルクスワーゲン フォルクスワーゲン
ゴルフヴァリアント...
  ✓ 53グレード保存
[35/756] フォルクスワーゲン フォルクスワーゲン
ゴルフＧＴＥ...
  ✓ 1グレード保存
[36/756] フォルクスワーゲン フォルクスワーゲン
ゴルフＧＴＩ...
  ✓ 9グレード保存
[37/756] フォルクスワーゲン フォルクスワーゲン
ゴルフＲ...
  ✓ 9グレード保存
[38/756] フォルクスワーゲン フォルクスワーゲン
ゴルフＲヴァリアント...
  ✓ 8グレード保存
[39/756] フォルクスワーゲン フォルクスワーゲン
ザ・ビートル...
  ✓ 25グレード保存
[40/756] フォルクスワーゲン フォルクスワーゲン
ザ・ビートル・カブリオレ...
  ✓ 6グレード保存
[41/756] フォルクスワーゲン フォルクスワーゲン
シャラン...
  ✓ 17グレード保存
[42/756] フォルクスワーゲン フォルクスワーゲン
シロッコ...
  ✓ 10グレード保存
[43/756] フォルクスワーゲン フォルクスワーゲン
ジェッタ...
  ✓ 12グレード保存
[44/756] フォルクスワーゲン フォルクスワーゲン
ティグアン...
  ✓ 43グレード保存
[45/756] フォルクスワーゲン フォルクスワーゲン
トゥアレグ...
  ✓ 17グレード保存
[46/756] フォルクスワーゲン フォルクスワーゲン
ニュービートル...
  ✓ 20グレード保存
[47/756] フォルクスワーゲン フォルクスワーゲン
ニュービートルカブリオレ...
  ✓ 7グレード保存
[48/756] フォルクスワーゲン フォルクスワーゲン
パサート...
  ✓ 53グレード保存
[49/756] フォルクスワーゲン フォルクスワーゲン
パサートオールトラック...
  ✓ 6グレード保存
[50/756] フォルクスワーゲン フォルクスワーゲン
パサートバリアント...
  ✓ 5グレード保存

=== 進捗: 50/756 (525グレード, 0エラー, 経過11.3分, 残り約160分) ===

[51/756] フォルクスワーゲン フォルクスワーゲン
パサートワゴン...
  ✓ 17グレード保存
[52/756] フォルクスワーゲン フォルクスワーゲン
パサートＣＣ...
  ✓ 3グレード保存
[53/756] フォルクスワーゲン フォルクスワーゲン
パサートＧＴＥ...
  リトライ 1/3...
  ✓ 2グレード保存
[54/756] フォルクスワーゲン フォルクスワーゲン
パサートＧＴＥヴァリアント...
  ✓ 4グレード保存
[55/756] フォルクスワーゲン フォルクスワーゲン
フォルクスワーゲンＣＣ...
  ✓ 4グレード保存
[56/756] フォルクスワーゲン フォルクスワーゲン
ボーラ...
  ✓ 8グレード保存
[57/756] フォルクスワーゲン フォルクスワーゲン
ポロ...
  ✓ 85グレード保存
[58/756] フォルクスワーゲン フォルクスワーゲン
ポロＧＴＩ...
  ✓ 5グレード保存
[59/756] フォルクスワーゲン フォルクスワーゲン
ルポ...
  ✓ 6グレード保存
[60/756] フォルクスワーゲン フォルクスワーゲン
ヴァナゴン...
  ✓ 2グレード保存
[61/756] フォルクスワーゲン フォルクスワーゲン
ヴェント...
  ✓ 9グレード保存
[62/756] フォルクスワーゲン フォルクスワーゲン
ＩＤ．バズ...
  ✓ 2グレード保存
[63/756] フォルクスワーゲン フォルクスワーゲン
ＩＤ．４...
  ✓ 4グレード保存
[64/756] フォルクスワーゲン フォルクスワーゲン
Ｔ－クロス...
  ✓ 6グレード保存
[65/756] フォルクスワーゲン フォルクスワーゲン
Ｔ－ロック...
  ✓ 20グレード保存
[66/756] フォルクスワーゲン フォルクスワーゲン
ｅ－アップ！...
  ✓ 1グレード保存
[67/756] フォルクスワーゲン フォルクスワーゲン
ｅ－ゴルフ...
  ✓ 2グレード保存
[68/756] フォード フォード
エクスプローラー...
  ✓ 59グレード保存
[69/756] フォード フォード
エクスプローラースポーツトラック...
  ✓ 5グレード保存
[70/756] フォード フォード
エクスペディション...
  ✓ 2グレード保存
[71/756] フォード フォード
エコスポーツ...
  ✓ 2グレード保存
[72/756] フォード フォード
エスケープ...
  ✓ 25グレード保存
[73/756] フォード フォード
クーガ...
  ✓ 10グレード保存
[74/756] フォード フォード
サンダーバード...
  ✓ 2グレード保存
[75/756] フォード フォード
トーラス...
  ✓ 19グレード保存
[76/756] フォード フォード
プローブ...
  ✓ 5グレード保存
[77/756] フォード フォード
マスタング...
  ✓ 31グレード保存
[78/756] フォード フォード
Ｆ－１５０...
  ✓ 0グレード保存
[79/756] プジョー プジョー
リフター...
  ✓ 6グレード保存
[80/756] プジョー プジョー
１００７...
  ✓ 4グレード保存
[81/756] プジョー プジョー
１０６...
  ✓ 6グレード保存
[82/756] プジョー プジョー
２００８...
  ✓ 22グレード保存
[83/756] プジョー プジョー
２０５...
  ✓ 7グレード保存
[84/756] プジョー プジョー
２０６...
  ✓ 42グレード保存
[85/756] プジョー プジョー
２０７...
  ✓ 32グレード保存
[86/756] プジョー プジョー
２０８...
  ✓ 38グレード保存
[87/756] プジョー プジョー
３００８...
  ✓ 37グレード保存
[88/756] プジョー プジョー
３０６...
  ✓ 44グレード保存
[89/756] プジョー プジョー
３０７...
  ✓ 49グレード保存
[90/756] プジョー プジョー
３０８...
  ✓ 94グレード保存
[91/756] プジョー プジョー
３０９...
  ✓ 3グレード保存
[92/756] プジョー プジョー
４０５...
  ✓ 11グレード保存
[93/756] プジョー プジョー
４０６...
  ✓ 40グレード保存
[94/756] プジョー プジョー
４０７...
  ✓ 21グレード保存
[95/756] プジョー プジョー
４０８...
  ✓ 9グレード保存
[96/756] プジョー プジョー
５００８...
  ✓ 16グレード保存
[97/756] プジョー プジョー
５０８...
  ✓ 29グレード保存
[98/756] プジョー プジョー
６０５...
  ✓ 5グレード保存
[99/756] プジョー プジョー
６０７...
  ✓ 6グレード保存
[100/756] プジョー プジョー
ｅ－２００８...
  ✓ 3グレード保存

=== 進捗: 100/756 (1389グレード, 0エラー, 経過21.7分, 残り約143分) ===

[101/756] ベントレー ベントレー
コンチネンタル...
  ✓ 63グレード保存
[102/756] ベントレー ベントレー
ターボ...
  ✓ 4グレード保存
[103/756] ベントレー ベントレー
フライングスパー...
  ✓ 21グレード保存
[104/756] ベントレー ベントレー
ブルックランズ...
  ✓ 2グレード保存
[105/756] ベントレー ベントレー
ベンテイガ...
  ✓ 27グレード保存
[106/756] ベントレー ベントレー
ミュルザンヌ...
  ✓ 3グレード保存
[107/756] ホンダ ホンダ
アクティトラック...
  ✓ 55グレード保存
[108/756] ホンダ ホンダ
アコード...
  ✓ 90グレード保存
[109/756] ホンダ ホンダ
アコードインスパイア...
  ✓ 6グレード保存
[110/756] ホンダ ホンダ
アコードハイブリッド...
  ✓ 4グレード保存
[111/756] ホンダ ホンダ
アコードプラグインハイブリッド...
  ✓ 1グレード保存
[112/756] ホンダ ホンダ
アコードワゴン...
  ✓ 70グレード保存
[113/756] ホンダ ホンダ
アスコット...
  ✓ 26グレード保存
[114/756] ホンダ ホンダ
アスコットイノーバ...
  ✓ 11グレード保存
[115/756] ホンダ ホンダ
アヴァンシア...
  ✓ 15グレード保存
[116/756] ホンダ ホンダ
インサイト...
  ✓ 11グレード保存
[117/756] ホンダ ホンダ
インサイトエクスクルーシブ...
  ✓ 3グレード保存
[118/756] ホンダ ホンダ
インスパイア...
  ✓ 27グレード保存
[119/756] ホンダ ホンダ
インテグラ...
  ✓ 75グレード保存
[120/756] ホンダ ホンダ
インテグラＳＪ...
  ✓ 9グレード保存
[121/756] ホンダ ホンダ
エアウェイブ...
  ✓ 38グレード保存
[122/756] ホンダ ホンダ
エディックス...
  ✓ 11グレード保存
[123/756] ホンダ ホンダ
エリシオン...
  ✓ 55グレード保存
[124/756] ホンダ ホンダ
エリシオンプレステージ...
  ✓ 15グレード保存
[125/756] ホンダ ホンダ
エレメント...
  ✓ 2グレード保存
[126/756] ホンダ ホンダ
オデッセイ...
  ✓ 174グレード保存
[127/756] ホンダ ホンダ
オデッセイハイブリッド...
  ✓ 14グレード保存
[128/756] ホンダ ホンダ
オデッセイプレステージ...
  ✓ 6グレード保存
[129/756] ホンダ ホンダ
オルティア...
  ✓ 12グレード保存
[130/756] ホンダ ホンダ
オルティアＰ...
  ✓ 4グレード保存
[131/756] ホンダ ホンダ
オルティアＶ...
  ✓ 4グレード保存
[132/756] ホンダ ホンダ
キャパ...
  ✓ 11グレード保存
[133/756] ホンダ ホンダ
クラリティフューエルセル...
  ✓ 1グレード保存
[134/756] ホンダ ホンダ
クラリティＰＨＥＶ...
  ✓ 1グレード保存
[135/756] ホンダ ホンダ
クロスロード...
  ✓ 17グレード保存
[136/756] ホンダ ホンダ
グレイス...
  ✓ 20グレード保存
[137/756] ホンダ ホンダ
コンチェルト...
  ✓ 14グレード保存
[138/756] ホンダ ホンダ
ザッツ...
  ✓ 20グレード保存
[139/756] ホンダ ホンダ
シティ...
  ✓ 7グレード保存
[140/756] ホンダ ホンダ
シビック...
  ✓ 111グレード保存
[141/756] ホンダ ホンダ
シビッククーペ...
  ✓ 2グレード保存
[142/756] ホンダ ホンダ
シビックシャトル...
  ✓ 11グレード保存
[143/756] ホンダ ホンダ
シビックハイブリッド...
  ✓ 5グレード保存
[144/756] ホンダ ホンダ
シビックフェリオ...
  ✓ 54グレード保存
[145/756] ホンダ ホンダ
シビックプロ...
  ✓ 6グレード保存
[146/756] ホンダ ホンダ
シャトル...
  ✓ 28グレード保存
[147/756] ホンダ ホンダ
ジェイド...
  ✓ 8グレード保存
[148/756] ホンダ ホンダ
ジャズ...
  ✓ 3グレード保存
[149/756] ホンダ ホンダ
ステップワゴン...
  ✓ 297グレード保存
[150/756] ホンダ ホンダ
ステップワゴンスパーダ...
  ✓ 60グレード保存

=== 進捗: 150/756 (2923グレード, 0エラー, 経過34.0分, 残り約138分) ===

[151/756] ホンダ ホンダ
ストリート...
  ✓ 24グレード保存
[152/756] ホンダ ホンダ
ストリーム...
  ✓ 111グレード保存
[153/756] ホンダ ホンダ
セイバー...
  ✓ 11グレード保存
[154/756] ホンダ ホンダ
ゼスト...
  ✓ 20グレード保存
[155/756] ホンダ ホンダ
ゼストスパーク...
  ✓ 10グレード保存
[156/756] ホンダ ホンダ
トゥデイ...
  ✓ 46グレード保存
[157/756] ホンダ ホンダ
トゥデイアソシエ...
  ✓ 7グレード保存
[158/756] ホンダ ホンダ
トルネオ...
  ✓ 32グレード保存
[159/756] ホンダ ホンダ
ドマーニ...
  ✓ 22グレード保存
[160/756] ホンダ ホンダ
バモス...
  ✓ 40グレード保存
[161/756] ホンダ ホンダ
バモスホビオ...
  ✓ 16グレード保存
[162/756] ホンダ ホンダ
バモスホビオプロ...
  ✓ 6グレード保存
[163/756] ホンダ ホンダ
パートナー...
  ✓ 23グレード保存
[164/756] ホンダ ホンダ
ビガー...
  ✓ 15グレード保存
[165/756] ホンダ ホンダ
ビート...
  ✓ 4グレード保存
[166/756] ホンダ ホンダ
フィットアリア...
  ✓ 12グレード保存
[167/756] ホンダ ホンダ
フィットシャトル...
  ✓ 8グレード保存
[168/756] ホンダ ホンダ
フィットシャトルハイブリッド...
  ✓ 8グレード保存
[169/756] ホンダ ホンダ
フィットハイブリッド...
  ✓ 31グレード保存
[170/756] ホンダ ホンダ
フリード...
  ✓ 73グレード保存
[171/756] ホンダ ホンダ
フリードスパイク...
  ✓ 17グレード保存
[172/756] ホンダ ホンダ
フリードスパイクハイブリッド...
  ✓ 4グレード保存
[173/756] ホンダ ホンダ
フリードハイブリッド...
  ✓ 25グレード保存
[174/756] ホンダ ホンダ
フリード＋...
  ✓ 18グレード保存
[175/756] ホンダ ホンダ
フリード＋ハイブリッド...
  ✓ 19グレード保存
[176/756] ホンダ ホンダ
プレリュード...
  ✓ 43グレード保存
[177/756] ホンダ ホンダ
プレリュードｉｎｘ...
  ✓ 5グレード保存
[178/756] ホンダ ホンダ
ホライゾン...
  ✓ 12グレード保存
[179/756] ホンダ ホンダ
モビリオ...
  ✓ 28グレード保存
[180/756] ホンダ ホンダ
モビリオスパイク...
  ✓ 44グレード保存
[181/756] ホンダ ホンダ
ライフ...
  ✓ 130グレード保存
[182/756] ホンダ ホンダ
ライフダンク...
  ✓ 10グレード保存
[183/756] ホンダ ホンダ
ラグレイト...
  ✓ 4グレード保存
[184/756] ホンダ ホンダ
ラファーガ...
  ✓ 9グレード保存
[185/756] ホンダ ホンダ
レジェンド...
  ✓ 47グレード保存
[186/756] ホンダ ホンダ
レジェンドクーペ...
  ✓ 5グレード保存
[187/756] ホンダ ホンダ
ロゴ...
  ✓ 19グレード保存
[188/756] ホンダ ホンダ
ヴェゼル...
  ✓ 64グレード保存
[189/756] ホンダ ホンダ
ＣＲ－Ｖ...
  ✓ 72グレード保存
[190/756] ホンダ ホンダ
ＣＲ－Ｖ ｅ：ＦＣＥＶ...
  ✓ 1グレード保存
[191/756] ホンダ ホンダ
ＣＲ－Ｖハイブリッド...
  ✓ 10グレード保存
[192/756] ホンダ ホンダ
ＣＲ－Ｘ...
  ✓ 9グレード保存
[193/756] ホンダ ホンダ
ＣＲ－Ｘデルソル...
  ✓ 9グレード保存
[194/756] ホンダ ホンダ
ＣＲ－Ｚ...
  ✓ 12グレード保存
[195/756] ホンダ ホンダ
ＨＲ－Ｖ...
  ✓ 38グレード保存
[196/756] ホンダ ホンダ
Ｈｏｎｄａ ｅ...
  ✓ 2グレード保存
[197/756] ホンダ ホンダ
ＭＤＸ...
  ✓ 3グレード保存
[198/756] ホンダ ホンダ
Ｎ－ＢＯＸ...
  ✓ 104グレード保存
[199/756] ホンダ ホンダ
Ｎ－ＢＯＸカスタム...
  ✓ 96グレード保存
[200/756] ホンダ ホンダ
Ｎ－ＢＯＸジョイ...
  ✓ 8グレード保存

=== 進捗: 200/756 (4309グレード, 0エラー, 経過45.4分, 残り約126分) ===

[201/756] ホンダ ホンダ
Ｎ－ＢＯＸスラッシュ...
  ✓ 32グレード保存
[202/756] ホンダ ホンダ
Ｎ－ＢＯＸ＋...
  ✓ 30グレード保存
[203/756] ホンダ ホンダ
Ｎ－ＢＯＸ＋カスタム...
  ✓ 28グレード保存
[204/756] ホンダ ホンダ
Ｎ－ＯＮＥ...
  ✓ 70グレード保存
[205/756] ホンダ ホンダ
Ｎ－ＶＡＮ...
  ✓ 14グレード保存
[206/756] ホンダ ホンダ
Ｎ－ＶＡＮ＋スタイル...
  ✓ 12グレード保存
[207/756] ホンダ ホンダ
Ｎ－ＷＧＮ...
  ✓ 42グレード保存
[208/756] ホンダ ホンダ
Ｎ－ＷＧＮカスタム...
  ✓ 48グレード保存
[209/756] ホンダ ホンダ
ＮＳＸ...
  ✓ 29グレード保存
[210/756] ホンダ ホンダ
Ｓ－ＭＸ...
  ✓ 15グレード保存
[211/756] ホンダ ホンダ
Ｓ２０００...
  ✓ 10グレード保存
[212/756] ホンダ ホンダ
Ｓ６６０...
  ✓ 11グレード保存
[213/756] ホンダ ホンダ
ＷＲ－Ｖ...
  ✓ 5グレード保存
[214/756] ホンダ ホンダ
Ｚ...
  ✓ 4グレード保存
[215/756] ホンダ ホンダ
ＺＲ－Ｖ...
  ✓ 12グレード保存
[216/756] ボルボ ボルボ
クロスカントリー...
  ✓ 6グレード保存
[217/756] ボルボ ボルボ
２４０...
  ✓ 3グレード保存
[218/756] ボルボ ボルボ
２４０ワゴン...
  ✓ 2グレード保存
[219/756] ボルボ ボルボ
３６０...
  ✓ 1グレード保存
[220/756] ボルボ ボルボ
４８０...
  ✓ 1グレード保存
[221/756] ボルボ ボルボ
７４０...
  ✓ 4グレード保存
[222/756] ボルボ ボルボ
７４０エステート...
  ✓ 6グレード保存
[223/756] ボルボ ボルボ
７６０...
  ✓ 2グレード保存
[224/756] ボルボ ボルボ
７８０...
  ✓ 1グレード保存
[225/756] ボルボ ボルボ
８５０...
  ✓ 13グレード保存
[226/756] ボルボ ボルボ
８５０エステート...
  ✓ 13グレード保存
[227/756] ボルボ ボルボ
９４０...
  ✓ 10グレード保存
[228/756] ボルボ ボルボ
９４０エステート...
  ✓ 14グレード保存
[229/756] ボルボ ボルボ
９６０...
  ✓ 15グレード保存
[230/756] ボルボ ボルボ
９６０エステート...
  ✓ 12グレード保存
[231/756] ボルボ ボルボ
Ｃ３０...
  ✓ 14グレード保存
[232/756] ボルボ ボルボ
Ｃ４０リチャージ...
  ✓ 5グレード保存
[233/756] ボルボ ボルボ
Ｃ７０...
  ✓ 17グレード保存
[234/756] ボルボ ボルボ
ＥＸ３０...
  ✓ 7グレード保存
[235/756] ボルボ ボルボ
ＥＸ４０...
  ✓ 5グレード保存
[236/756] ボルボ ボルボ
Ｓ４０...
  ✓ 38グレード保存
[237/756] ボルボ ボルボ
Ｓ６０...
  ✓ 72グレード保存
[238/756] ボルボ ボルボ
Ｓ７０...
  ✓ 8グレード保存
[239/756] ボルボ ボルボ
Ｓ８０...
  ✓ 28グレード保存
[240/756] ボルボ ボルボ
Ｓ９０...
  ✓ 10グレード保存
[241/756] ボルボ ボルボ
Ｖ４０...
  ✓ 69グレード保存
[242/756] ボルボ ボルボ
Ｖ５０...
  ✓ 33グレード保存
[243/756] ボルボ ボルボ
Ｖ６０...
  ✓ 67グレード保存
[244/756] ボルボ ボルボ
Ｖ７０...
  ✓ 80グレード保存
[245/756] ボルボ ボルボ
Ｖ９０...
  ✓ 61グレード保存
[246/756] ボルボ ボルボ
ＸＣ４０...
  ✓ 37グレード保存
[247/756] ボルボ ボルボ
ＸＣ４０リチャージ...
  ✓ 4グレード保存
[248/756] ボルボ ボルボ
ＸＣ６０...
  ✓ 63グレード保存
[249/756] ボルボ ボルボ
ＸＣ７０...
  ✓ 21グレード保存
[250/756] ボルボ ボルボ
ＸＣ９０...
  ✓ 64グレード保存

=== 進捗: 250/756 (5477グレード, 0エラー, 経過55.9分, 残り約113分) ===

[251/756] ポルシェ ポルシェ
カイエン...
  ✓ 53グレード保存
[252/756] ポルシェ ポルシェ
カイエンエレクトリック...
  ✓ 0グレード保存
[253/756] ポルシェ ポルシェ
カイエンクーペ...
  ✓ 58グレード保存
[254/756] ポルシェ ポルシェ
ケイマン...
  ✓ 11グレード保存
[255/756] ポルシェ ポルシェ
タイカン...
  ✓ 21グレード保存
[256/756] ポルシェ ポルシェ
タイカンクロスツーリスモ...
  ✓ 6グレード保存
[257/756] ポルシェ ポルシェ
パナメーラ...
  ✓ 75グレード保存
[258/756] ポルシェ ポルシェ
ボクスター...
  ✓ 22グレード保存
[259/756] ポルシェ ポルシェ
マカン...
  ✓ 16グレード保存
[260/756] ポルシェ ポルシェ
マカンエレクトリック...
  ✓ 4グレード保存
[261/756] ポルシェ ポルシェ
７１８ケイマン...
  ✓ 23グレード保存
[262/756] ポルシェ ポルシェ
７１８スパイダー...
  ✓ 1グレード保存
[263/756] ポルシェ ポルシェ
７１８ボクスター...
  ✓ 23グレード保存
[264/756] ポルシェ ポルシェ
９１１...
  ✓ 222グレード保存
[265/756] ポルシェ ポルシェ
９２８...
  ✓ 2グレード保存
[266/756] ポルシェ ポルシェ
９４４...
  ✓ 2グレード保存
[267/756] マセラティ マセラティ
ギブリ...
  ✓ 36グレード保存
[268/756] マセラティ マセラティ
クアトロポルテ...
  ✓ 32グレード保存
[269/756] マセラティ マセラティ
クーペ...
  ✓ 4グレード保存
[270/756] マセラティ マセラティ
グランカブリオ...
  ✓ 9グレード保存
[271/756] マセラティ マセラティ
グランスポーツ...
  ✓ 5グレード保存
[272/756] マセラティ マセラティ
グラントゥーリズモ...
  ✓ 17グレード保存
[273/756] マセラティ マセラティ
グレカーレ...
  ✓ 15グレード保存
[274/756] マセラティ マセラティ
スパイダー...
  ✓ 3グレード保存
[275/756] マセラティ マセラティ
レヴァンテ...
  ✓ 25グレード保存
[276/756] マセラティ マセラティ
３２００ＧＴ...
  ✓ 2グレード保存
[277/756] マセラティ マセラティ
ＧＴ２ストラダーレ...
  ✓ 1グレード保存
[278/756] マセラティ マセラティ
ＭＣ２０...
  ✓ 1グレード保存
[279/756] マツダ マツダ
アクセラ...
  ✓ 39グレード保存
[280/756] マツダ マツダ
アクセラスポーツ...
  ✓ 58グレード保存
[281/756] マツダ マツダ
アクセラハイブリッド...
  ✓ 4グレード保存
[282/756] マツダ マツダ
アテンザスポーツ...
  ✓ 22グレード保存
[283/756] マツダ マツダ
アテンザスポーツワゴン...
  ✓ 27グレード保存
[284/756] マツダ マツダ
アテンザセダン...
  ✓ 42グレード保存
[285/756] マツダ マツダ
アテンザワゴン...
  ✓ 18グレード保存
[286/756] マツダ マツダ
アンフィニＭＰＶ...
  ✓ 29グレード保存
[287/756] マツダ マツダ
アンフィニＭＳ－６...
  ✓ 6グレード保存
[288/756] マツダ マツダ
アンフィニＭＳ－８...
  ✓ 13グレード保存
[289/756] マツダ マツダ
アンフィニＭＳ－９...
  ✓ 7グレード保存
[290/756] マツダ マツダ
アンフィニＲＸ－７...
  ✓ 15グレード保存
[291/756] マツダ マツダ
オートザムキャロル...
  ✓ 41グレード保存
[292/756] マツダ マツダ
オートザムクレフ...
  ✓ 6グレード保存
[293/756] マツダ マツダ
オートザムスクラム...
  ✓ 21グレード保存
[294/756] マツダ マツダ
オートザムレビュー...
  ✓ 9グレード保存
[295/756] マツダ マツダ
オートザムＡＺ－１...
  ✓ 3グレード保存
[296/756] マツダ マツダ
オートザムＡＺ－３...
  ✓ 17グレード保存
[297/756] マツダ マツダ
カペラ...
  ✓ 35グレード保存
[298/756] マツダ マツダ
カペラカーゴ...
  ✓ 12グレード保存
[299/756] マツダ マツダ
カペラバン...
  ✓ 8グレード保存
[300/756] マツダ マツダ
カペラワゴン...
  ✓ 32グレード保存

=== 進捗: 300/756 (6630グレード, 0エラー, 経過66.5分, 残り約101分) ===

[301/756] マツダ マツダ
カペラＣ２...
  ✓ 4グレード保存
[302/756] マツダ マツダ
カペラＣＧ...
  ✓ 7グレード保存
[303/756] マツダ マツダ
キャロル...
  ✓ 42グレード保存
[304/756] マツダ マツダ
キャロルエコ...
  ✓ 3グレード保存
[305/756] マツダ マツダ
クロノス...
  ✓ 15グレード保存
[306/756] マツダ マツダ
サバンナＲＸ－７...
  ✓ 7グレード保存
[307/756] マツダ マツダ
スクラム...
  ✓ 34グレード保存
[308/756] マツダ マツダ
スクラムトラック...
  ✓ 72グレード保存
[309/756] マツダ マツダ
スクラムワゴン...
  リトライ 1/3...
  ✓ 18グレード保存
[310/756] マツダ マツダ
スピアーノ...
  ✓ 25グレード保存
[311/756] マツダ マツダ
センティア...
  ✓ 25グレード保存
[312/756] マツダ マツダ
タイタン...
  ✓ 207グレード保存
[313/756] マツダ マツダ
タイタンダッシュ...
  ✓ 26グレード保存
[314/756] マツダ マツダ
タイタンダンプ...
  ✓ 36グレード保存
[315/756] マツダ マツダ
タイタンＬＨＲ...
  ✓ 1グレード保存
[316/756] マツダ マツダ
タイタンＬＨＳ...
  ✓ 1グレード保存
[317/756] マツダ マツダ
タイタンＬＫＲ...
  ✓ 3グレード保存
[318/756] マツダ マツダ
タイタンＬＫＲダンプ...
  ✓ 1グレード保存
[319/756] マツダ マツダ
タイタンＬＫＳ...
  ✓ 3グレード保存
[320/756] マツダ マツダ
タイタンＬＫＳダンプ...
  ✓ 1グレード保存
[321/756] マツダ マツダ
タイタンＬＰＲ...
  ✓ 2グレード保存
[322/756] マツダ マツダ
タイタンＬＰＲダンプ...
  ✓ 1グレード保存
[323/756] マツダ マツダ
タイタンＬＰＳ...
  ✓ 1グレード保存
[324/756] マツダ マツダ
デミオ...
  ✓ 141グレード保存
[325/756] マツダ マツダ
トリビュート...
  ✓ 11グレード保存
[326/756] マツダ マツダ
ビアンテ...
  ✓ 23グレード保存
[327/756] マツダ マツダ
ファミリア...
  ✓ 68グレード保存
[328/756] マツダ マツダ
ファミリアアスティナ...
  ✓ 5グレード保存
[329/756] マツダ マツダ
ファミリアネオ...
  ✓ 5グレード保存
[330/756] マツダ マツダ
ファミリアバン...
  ✓ 86グレード保存
[331/756] マツダ マツダ
ファミリアビジネスワゴン...
  ✓ 3グレード保存
[332/756] マツダ マツダ
ファミリアワゴン...
  ✓ 9グレード保存
[333/756] マツダ マツダ
ファミリアＳ－ワゴン...
  ✓ 19グレード保存
[334/756] マツダ マツダ
フレア...
  ✓ 8グレード保存
[335/756] マツダ マツダ
フレアカスタムスタイル...
  ✓ 4グレード保存
[336/756] マツダ マツダ
フレアクロスオーバー...
  ✓ 17グレード保存
[337/756] マツダ マツダ
フレアワゴン...
  ✓ 16グレード保存
[338/756] マツダ マツダ
フレアワゴンカスタムスタイル...
  ✓ 15グレード保存
[339/756] マツダ マツダ
フレアワゴンタフスタイル...
  ✓ 6グレード保存
[340/756] マツダ マツダ
ブローニィバン...
  ✓ 78グレード保存
[341/756] マツダ マツダ
プレマシー...
  ✓ 74グレード保存
[342/756] マツダ マツダ
プロシード...
  ✓ 4グレード保存
[343/756] マツダ マツダ
プロシードマービー...
  ✓ 9グレード保存
[344/756] マツダ マツダ
プロシードレバンテ...
  ✓ 9グレード保存
[345/756] マツダ マツダ
ベリーサ...
  ✓ 19グレード保存
[346/756] マツダ マツダ
ペルソナ...
  ✓ 5グレード保存
[347/756] マツダ マツダ
ボンゴトラック...
  ✓ 68グレード保存
[348/756] マツダ マツダ
ボンゴバン...
  ✓ 101グレード保存
[349/756] マツダ マツダ
ボンゴフレンディ...
  ✓ 88グレード保存
[350/756] マツダ マツダ
ボンゴブローニイトラック...
  ✓ 55グレード保存

=== 進捗: 350/756 (8111グレード, 0エラー, 経過78.9分, 残り約92分) ===

[351/756] マツダ マツダ
ボンゴブローニイワゴン...
  ✓ 13グレード保存
[352/756] マツダ マツダ
ボンゴワゴン...
  ✓ 50グレード保存
[353/756] マツダ マツダ
マツダスピードアクセラ...
  ✓ 2グレード保存
[354/756] マツダ マツダ
マツダスピードアテンザ...
  ✓ 1グレード保存
[355/756] マツダ マツダ
ミレーニア...
  ✓ 20グレード保存
[356/756] マツダ マツダ
ラピュタ...
  ✓ 33グレード保存
[357/756] マツダ マツダ
ランティス...
  ✓ 12グレード保存
[358/756] マツダ マツダ
ルーチェ...
  ✓ 8グレード保存
[359/756] マツダ マツダ
レビュー...
  ✓ 3グレード保存
[360/756] マツダ マツダ
ロードスタークーペ...
  ✓ 4グレード保存
[361/756] マツダ マツダ
ロードスターＲＦ...
  ✓ 16グレード保存
[362/756] マツダ マツダ
ＡＺオフロード...
  ✓ 7グレード保存
[363/756] マツダ マツダ
ＡＺワゴン...
  ✓ 75グレード保存
[364/756] マツダ マツダ
ＡＺワゴンカスタムスタイル...
  ✓ 5グレード保存
[365/756] マツダ マツダ
ＣＸ－３...
  ✓ 74グレード保存
[366/756] マツダ マツダ
ＣＸ－３０...
  ✓ 44グレード保存
[367/756] マツダ マツダ
ＣＸ－５...
  ✓ 63グレード保存
[368/756] マツダ マツダ
ＣＸ－６０...
  ✓ 22グレード保存
[369/756] マツダ マツダ
ＣＸ－７...
  ✓ 2グレード保存
[370/756] マツダ マツダ
ＣＸ－８...
  ✓ 24グレード保存
[371/756] マツダ マツダ
ＣＸ－８０...
  ✓ 14グレード保存
[372/756] マツダ マツダ
ＭＡＺＤＡ２...
  ✓ 76グレード保存
[373/756] マツダ マツダ
ＭＡＺＤＡ３セダン...
  ✓ 45グレード保存
[374/756] マツダ マツダ
ＭＡＺＤＡ３ファストバック...
  ✓ 62グレード保存
[375/756] マツダ マツダ
ＭＡＺＤＡ６セダン...
  ✓ 23グレード保存
[376/756] マツダ マツダ
ＭＡＺＤＡ６ワゴン...
  ✓ 23グレード保存
[377/756] マツダ マツダ
ＭＰＶ...
  ✓ 81グレード保存
[378/756] マツダ マツダ
ＭＸ－３０...
  ✓ 7グレード保存
[379/756] マツダ マツダ
ＭＸ－３０ロータリーＥＶ...
  ✓ 9グレード保存
[380/756] マツダ マツダ
ＭＸ－３０ＥＶモデル...
  ✓ 6グレード保存
[381/756] マツダ マツダ
ＭＸ－６...
  ✓ 7グレード保存
[382/756] マツダ マツダ
ＲＸ－７...
  ✓ 11グレード保存
[383/756] マツダ マツダ
ＲＸ－８...
  ✓ 20グレード保存
[384/756] メルセデス・ベンツ メルセデス・ベンツ
ゲレンデヴァーゲン...
  ✓ 4グレード保存
[385/756] メルセデス・ベンツ メルセデス・ベンツ
トランスポーターＴ１Ｎ...
  ✓ 6グレード保存
[386/756] メルセデス・ベンツ メルセデス・ベンツ
バネオ...
  ✓ 1グレード保存
[387/756] メルセデス・ベンツ メルセデス・ベンツ
ビアノ...
  ✓ 4グレード保存
[388/756] メルセデス・ベンツ メルセデス・ベンツ
１９０クラス...
  ✓ 10グレード保存
[389/756] メルセデス・ベンツ メルセデス・ベンツ
Ａクラス...
  ✓ 60グレード保存
[390/756] メルセデス・ベンツ メルセデス・ベンツ
Ａクラスセダン...
  リトライ 1/3...
  ✓ 9グレード保存
[391/756] メルセデス・ベンツ メルセデス・ベンツ
Ｂクラス...
  ✓ 32グレード保存
[392/756] メルセデス・ベンツ メルセデス・ベンツ
Ｃクラス...
  ✓ 159グレード保存
[393/756] メルセデス・ベンツ メルセデス・ベンツ
Ｃクラスオールテレイン...
  ✓ 2グレード保存
[394/756] メルセデス・ベンツ メルセデス・ベンツ
Ｃクラスステーションワゴン...
  ✓ 107グレード保存
[395/756] メルセデス・ベンツ メルセデス・ベンツ
Ｃクラススポーツクーペ...
  ✓ 10グレード保存
[396/756] メルセデス・ベンツ メルセデス・ベンツ
ＣＬ...
  ✓ 17グレード保存
[397/756] メルセデス・ベンツ メルセデス・ベンツ
ＣＬＡクラス...
  ✓ 20グレード保存
[398/756] メルセデス・ベンツ メルセデス・ベンツ
ＣＬＡクラス シューティングブレーク...
  ✓ 12グレード保存
[399/756] メルセデス・ベンツ メルセデス・ベンツ
ＣＬＥ...
  ✓ 3グレード保存
[400/756] メルセデス・ベンツ メルセデス・ベンツ
ＣＬＫ...
  ✓ 27グレード保存

=== 進捗: 400/756 (9456グレード, 0エラー, 経過90.5分, 残り約81分) ===

[401/756] メルセデス・ベンツ メルセデス・ベンツ
ＣＬＳクラス...
  ✓ 39グレード保存
[402/756] メルセデス・ベンツ メルセデス・ベンツ
ＣＬＳクラス シューティングブレーク...
  ✓ 18グレード保存
[403/756] メルセデス・ベンツ メルセデス・ベンツ
Ｅクラス...
  リトライ 1/3...
  ✓ 172グレード保存
[404/756] メルセデス・ベンツ メルセデス・ベンツ
Ｅクラスオールテレイン...
  ✓ 6グレード保存
[405/756] メルセデス・ベンツ メルセデス・ベンツ
Ｅクラスステーションワゴン...
  ✓ 103グレード保存
[406/756] メルセデス・ベンツ メルセデス・ベンツ
ＥＱＡ...
  ✓ 4グレード保存
[407/756] メルセデス・ベンツ メルセデス・ベンツ
ＥＱＢ...
  ✓ 4グレード保存
[408/756] メルセデス・ベンツ メルセデス・ベンツ
ＥＱＣ...
  ✓ 2グレード保存
[409/756] メルセデス・ベンツ メルセデス・ベンツ
ＥＱＥ...
  ✓ 2グレード保存
[410/756] メルセデス・ベンツ メルセデス・ベンツ
ＥＱＳ...
  ✓ 2グレード保存
[411/756] メルセデス・ベンツ メルセデス・ベンツ
ＥＱＳ ＳＵＶ...
  ✓ 2グレード保存
[412/756] メルセデス・ベンツ メルセデス・ベンツ
Ｇクラス...
  ✓ 54グレード保存
[413/756] メルセデス・ベンツ メルセデス・ベンツ
ＧＬクラス...
  ✓ 7グレード保存
[414/756] メルセデス・ベンツ メルセデス・ベンツ
ＧＬＡクラス...
  ✓ 18グレード保存
[415/756] メルセデス・ベンツ メルセデス・ベンツ
ＧＬＢ...
  ✓ 10グレード保存
[416/756] メルセデス・ベンツ メルセデス・ベンツ
ＧＬＣ...
  ✓ 47グレード保存
[417/756] メルセデス・ベンツ メルセデス・ベンツ
ＧＬＥ...
  ✓ 19グレード保存
[418/756] メルセデス・ベンツ メルセデス・ベンツ
ＧＬＫクラス...
  ✓ 5グレード保存
[419/756] メルセデス・ベンツ メルセデス・ベンツ
ＧＬＳ...
  ✓ 9グレード保存
[420/756] メルセデス・ベンツ メルセデス・ベンツ
Ｍクラス...
  ✓ 28グレード保存
[421/756] メルセデス・ベンツ メルセデス・ベンツ
Ｒクラス...
  ✓ 5グレード保存
[422/756] メルセデス・ベンツ メルセデス・ベンツ
Ｓクラス...
  ✓ 136グレード保存
[423/756] メルセデス・ベンツ メルセデス・ベンツ
ＳＬ...
  ✓ 43グレード保存
[424/756] メルセデス・ベンツ メルセデス・ベンツ
ＳＬＣ...
  ✓ 5グレード保存
[425/756] メルセデス・ベンツ メルセデス・ベンツ
ＳＬＫ...
  ✓ 42グレード保存
[426/756] メルセデス・ベンツ メルセデス・ベンツ
ＳＬＲマクラーレン...
  ✓ 2グレード保存
[427/756] メルセデス・ベンツ メルセデス・ベンツ
ＳＬＳ ＡＭＧ...
  ✓ 8グレード保存
[428/756] メルセデス・ベンツ メルセデス・ベンツ
Ｖクラス...
  ✓ 44グレード保存
[429/756] メルセデス・ベンツ メルセデス・ベンツ
Ｖシュトラール...
  ✓ 0グレード保存
[430/756] ランドローバー ランドローバー
ディスカバリー...
  ✓ 46グレード保存
[431/756] ランドローバー ランドローバー
ディスカバリースポーツ...
  ✓ 65グレード保存
[432/756] ランドローバー ランドローバー
ディスカバリー３...
  ✓ 6グレード保存
[433/756] ランドローバー ランドローバー
ディスカバリー４...
  ✓ 5グレード保存
[434/756] ランドローバー ランドローバー
ディフェンダー...
  ✓ 86グレード保存
[435/756] ランドローバー ランドローバー
フリーランダー...
  ✓ 8グレード保存
[436/756] ランドローバー ランドローバー
フリーランダー２...
  ✓ 10グレード保存
[437/756] ランドローバー ランドローバー
ランドローバーディスカバリー...
  ✓ 26グレード保存
[438/756] ランドローバー ランドローバー
ランドローバーディフェンダー...
  ✓ 1グレード保存
[439/756] ランドローバー ランドローバー
レンジローバー...
  ✓ 12グレード保存
[440/756] ランドローバー ランドローバー
レンジローバーイヴォーク...
  ✓ 82グレード保存
[441/756] ランドローバー ランドローバー
レンジローバーイヴォーククーペ...
  ✓ 5グレード保存
[442/756] ランドローバー ランドローバー
レンジローバーイヴォークコンバーチブル...
  ✓ 3グレード保存
[443/756] ランドローバー ランドローバー
レンジローバースポーツ...
  ✓ 80グレード保存
[444/756] ランドローバー ランドローバー
レンジローバーヴェラール...
  ✓ 88グレード保存
[445/756] ランドローバー ランドローバー
レンジローバーヴォーグ...
  ✓ 5グレード保存
[446/756] ランボルギーニ ランボルギーニ
アヴェンタドール...
  ✓ 7グレード保存
[447/756] ランボルギーニ ランボルギーニ
ウラカン...
  ✓ 9グレード保存
[448/756] ランボルギーニ ランボルギーニ
ウルス...
  ✓ 1グレード保存
[449/756] ランボルギーニ ランボルギーニ
ガヤルド...
  ✓ 13グレード保存
[450/756] ランボルギーニ ランボルギーニ
ガヤルド・スパイダー...
  ✓ 5グレード保存

=== 進捗: 450/756 (10855グレード, 0エラー, 経過102.3分, 残り約70分) ===

[451/756] ランボルギーニ ランボルギーニ
ディアブロ...
  ✓ 3グレード保存
[452/756] ランボルギーニ ランボルギーニ
ムルシエラゴ...
  ✓ 3グレード保存
[453/756] ランボルギーニ ランボルギーニ
ムルシエラゴ・ロードスター...
  ✓ 2グレード保存
[454/756] ランボルギーニ ランボルギーニ
レヴエルト...
  ✓ 1グレード保存
[455/756] ルノー ルノー
アルカナ...
  ✓ 9グレード保存
[456/756] ルノー ルノー
アルピーヌ...
  ✓ 1グレード保存
[457/756] ルノー ルノー
アヴァンタイム...
  ✓ 1グレード保存
[458/756] ルノー ルノー
ウインド...
  ✓ 3グレード保存
[459/756] ルノー ルノー
エクスプレス...
  ✓ 2グレード保存
[460/756] ルノー ルノー
カジャー...
  ✓ 2グレード保存
[461/756] ルノー ルノー
カングー...
  ✓ 62グレード保存
[462/756] ルノー ルノー
カングービボップ...
  ✓ 2グレード保存
[463/756] ルノー ルノー
キャプチャー...
  ✓ 30グレード保存
[464/756] ルノー ルノー
グランセニック...
  ✓ 3グレード保存
[465/756] ルノー ルノー
コレオス...
  ✓ 7グレード保存
[466/756] ルノー ルノー
サフラン...
  ✓ 2グレード保存
[467/756] ルノー ルノー
セニック...
  ✓ 4グレード保存
[468/756] ルノー ルノー
トゥインゴ...
  ✓ 59グレード保存
[469/756] ルノー ルノー
メガーヌ...
  ✓ 83グレード保存
[470/756] ルノー ルノー
メガーヌエステート...
  ✓ 3グレード保存
[471/756] ルノー ルノー
ラグナ...
  ✓ 10グレード保存
[472/756] ルノー ルノー
ルーテシア...
  ✓ 90グレード保存
[473/756] ルノー ルノー
１９...
  ✓ 2グレード保存
[474/756] ルノー ルノー
２１...
  ✓ 2グレード保存
[475/756] ルノー ルノー
５...
  ✓ 6グレード保存
[476/756] レクサス レクサス
ＣＴ...
  ✓ 13グレード保存
[477/756] レクサス レクサス
ＥＳ...
  ✓ 7グレード保存
[478/756] レクサス レクサス
ＧＳ...
  ✓ 73グレード保存
[479/756] レクサス レクサス
ＧＳ Ｆ...
  ✓ 2グレード保存
[480/756] レクサス レクサス
ＧＸ...
  ✓ 2グレード保存
[481/756] レクサス レクサス
ＨＳ...
  ✓ 10グレード保存
[482/756] レクサス レクサス
ＩＳ...
  ✓ 99グレード保存
[483/756] レクサス レクサス
ＩＳ Ｆ...
  ✓ 3グレード保存
[484/756] レクサス レクサス
ＬＢＸ...
  ✓ 13グレード保存
[485/756] レクサス レクサス
ＬＣ...
  ✓ 27グレード保存
[486/756] レクサス レクサス
ＬＦＡ...
  ✓ 1グレード保存
[487/756] レクサス レクサス
ＬＭ...
  ✓ 2グレード保存
[488/756] レクサス レクサス
ＬＳ...
  ✓ 91グレード保存
[489/756] レクサス レクサス
ＬＸ...
  ✓ 12グレード保存
[490/756] レクサス レクサス
ＮＸ...
  ✓ 74グレード保存
[491/756] レクサス レクサス
ＲＣ...
  ✓ 30グレード保存
[492/756] レクサス レクサス
ＲＣ Ｆ...
  ✓ 9グレード保存
[493/756] レクサス レクサス
ＲＸ...
  ✓ 82グレード保存
[494/756] レクサス レクサス
ＲＺ...
  ✓ 8グレード保存
[495/756] レクサス レクサス
ＳＣ...
  ✓ 2グレード保存
[496/756] レクサス レクサス
ＵＸ...
  ✓ 43グレード保存
[497/756] 三菱 三菱
アイ...
  ✓ 22グレード保存
[498/756] 三菱 三菱
アイミーブ...
  ✓ 6グレード保存
[499/756] 三菱 三菱
アウトランダー...
  ✓ 43グレード保存
[500/756] 三菱 三菱
アウトランダーＰＨＥＶ...
  ✓ 21グレード保存

=== 進捗: 500/756 (11942グレード, 0エラー, 経過112.5分, 残り約58分) ===

[501/756] 三菱 三菱
アスパイア...
  ✓ 17グレード保存
[502/756] 三菱 三菱
エアトレック...
  ✓ 18グレード保存
[503/756] 三菱 三菱
エクリプス...
  ✓ 5グレード保存
[504/756] 三菱 三菱
エクリプスクロス...
  ✓ 17グレード保存
[505/756] 三菱 三菱
エクリプスクロスＰＨＥＶ...
  ✓ 5グレード保存
[506/756] 三菱 三菱
エクリプススパイダー...
  ✓ 1グレード保存
[507/756] 三菱 三菱
エテルナ...
  ✓ 40グレード保存
[508/756] 三菱 三菱
エテルナ・サヴァ...
  ✓ 14グレード保存
[509/756] 三菱 三菱
エテルナ・シグマ...
  ✓ 12グレード保存
[510/756] 三菱 三菱
エメロード...
  ✓ 12グレード保存
[511/756] 三菱 三菱
カリスマ...
  ✓ 3グレード保存
[512/756] 三菱 三菱
ギャラン...
  ✓ 109グレード保存
[513/756] 三菱 三菱
ギャランスポーツ...
  ✓ 2グレード保存
[514/756] 三菱 三菱
ギャランフォルティス...
  ✓ 15グレード保存
[515/756] 三菱 三菱
ギャランフォルティススポーツバック...
  ✓ 8グレード保存
[516/756] 三菱 三菱
ギャラン・シグマ...
  ✓ 9グレード保存
[517/756] 三菱 三菱
グランディス...
  ✓ 30グレード保存
[518/756] 三菱 三菱
コルト...
  ✓ 138グレード保存
[519/756] 三菱 三菱
コルトプラス...
  ✓ 42グレード保存
[520/756] 三菱 三菱
シグマ...
  ✓ 17グレード保存
[521/756] 三菱 三菱
シャリオ...
  ✓ 41グレード保存
[522/756] 三菱 三菱
シャリオグランディス...
  ✓ 61グレード保存
[523/756] 三菱 三菱
ジープ...
  ✓ 4グレード保存
[524/756] 三菱 三菱
スタリオン...
  ✓ 1グレード保存
[525/756] 三菱 三菱
ストラーダ...
  ✓ 7グレード保存
[526/756] 三菱 三菱
タウンボックス...
  ✓ 80グレード保存
[527/756] 三菱 三菱
タウンボックスワイド...
  ✓ 4グレード保存
[528/756] 三菱 三菱
チャレンジャー...
  ✓ 23グレード保存
[529/756] 三菱 三菱
ディアマンテ...
  ✓ 74グレード保存
[530/756] 三菱 三菱
ディアマンテワゴン...
  ✓ 5グレード保存
[531/756] 三菱 三菱
ディオン...
  ✓ 41グレード保存
[532/756] 三菱 三菱
ディグニティ...
  ✓ 3グレード保存
[533/756] 三菱 三菱
ディンゴ...
  ✓ 18グレード保存
[534/756] 三菱 三菱
デボネア...
  ✓ 16グレード保存
[535/756] 三菱 三菱
デボネアＶ...
  ✓ 24グレード保存
[536/756] 三菱 三菱
デリカカーゴ...
  ✓ 31グレード保存
[537/756] 三菱 三菱
デリカスターワゴン...
  ✓ 69グレード保存
[538/756] 三菱 三菱
デリカスペースギア...
  ✓ 131グレード保存
[539/756] 三菱 三菱
デリカトラック...
  ✓ 47グレード保存
[540/756] 三菱 三菱
デリカバン...
  ✓ 84グレード保存
[541/756] 三菱 三菱
デリカミニ...
  ✓ 24グレード保存
[542/756] 三菱 三菱
デリカＤ：２...
  ✓ 28グレード保存
[543/756] 三菱 三菱
デリカＤ：３...
  ✓ 2グレード保存
[544/756] 三菱 三菱
デリカＤ：５...
  ✓ 78グレード保存
[545/756] 三菱 三菱
トッポ...
  ✓ 13グレード保存
[546/756] 三菱 三菱
トッポＢＪ...
  ✓ 41グレード保存
[547/756] 三菱 三菱
トッポＢＪワイド...
  ✓ 2グレード保存
[548/756] 三菱 三菱
トライトン...
  ✓ 4グレード保存
[549/756] 三菱 三菱
パジェロ...
  ✓ 224グレード保存
[550/756] 三菱 三菱
パジェロイオ...
  ✓ 34グレード保存

=== 進捗: 550/756 (13670グレード, 0エラー, 経過124.8分, 残り約47分) ===

[551/756] 三菱 三菱
パジェロジュニア...
  ✓ 7グレード保存
[552/756] 三菱 三菱
パジェロミニ...
  ✓ 88グレード保存
[553/756] 三菱 三菱
ピスタチオ...
  ✓ 1グレード保存
[554/756] 三菱 三菱
ブラボー...
  ✓ 37グレード保存
[555/756] 三菱 三菱
プラウディア...
  ✓ 10グレード保存
[556/756] 三菱 三菱
ミニカ...
  リトライ 1/3...
  ✓ 172グレード保存
[557/756] 三菱 三菱
ミニカトッポ...
  ✓ 45グレード保存
[558/756] 三菱 三菱
ミニキャブトラック...
  ✓ 91グレード保存
[559/756] 三菱 三菱
ミニキャブバン...
  ✓ 92グレード保存
[560/756] 三菱 三菱
ミニキャブ・ブラボー...
  ✓ 29グレード保存
[561/756] 三菱 三菱
ミニキャブ・ミーブ...
  ✓ 11グレード保存
[562/756] 三菱 三菱
ミニキャブ・ミーブトラック...
  ✓ 1グレード保存
[563/756] 三菱 三菱
ミニキャブＥＶ...
  ✓ 4グレード保存
[564/756] 三菱 三菱
ミラージュ...
  ✓ 163グレード保存
[565/756] 三菱 三菱
ミラージュバン...
  ✓ 9グレード保存
[566/756] 三菱 三菱
ミラージュワゴン...
  ✓ 9グレード保存
[567/756] 三菱 三菱
ミラージュ・アスティ...
  ✓ 31グレード保存
[568/756] 三菱 三菱
ランサー...
  ✓ 138グレード保存
[569/756] 三菱 三菱
ランサーカーゴ...
  ✓ 18グレード保存
[570/756] 三菱 三菱
ランサーセディア...
  ✓ 17グレード保存
[571/756] 三菱 三菱
ランサーセディアワゴン...
  ✓ 16グレード保存
[572/756] 三菱 三菱
ランサーバン...
  ✓ 10グレード保存
[573/756] 三菱 三菱
ランサーワゴン...
  ✓ 24グレード保存
[574/756] 三菱 三菱
リベロ...
  ✓ 30グレード保存
[575/756] 三菱 三菱
リベロカーゴバン...
  ✓ 18グレード保存
[576/756] 三菱 三菱
レグナム...
  ✓ 54グレード保存
[577/756] 三菱 三菱
ＦＴＯ...
  ✓ 18グレード保存
[578/756] 三菱 三菱
ＧＴＯ...
  ✓ 10グレード保存
[579/756] 三菱 三菱
ＲＶＲ...
  ✓ 84グレード保存
[580/756] 三菱 三菱
ｅＫアクティブ...
  リトライ 1/3...
  ✓ 6グレード保存
[581/756] 三菱 三菱
ｅＫカスタム...
  ✓ 12グレード保存
[582/756] 三菱 三菱
ｅＫクラッシィ...
  ✓ 6グレード保存
[583/756] 三菱 三菱
ｅＫクロス...
  ✓ 14グレード保存
[584/756] 三菱 三菱
ｅＫクロス ＥＶ...
  ✓ 2グレード保存
[585/756] 三菱 三菱
ｅＫクロススペース...
  ✓ 14グレード保存
[586/756] 三菱 三菱
ｅＫスペース...
  ✓ 21グレード保存
[587/756] 三菱 三菱
ｅＫスペースカスタム...
  ✓ 8グレード保存
[588/756] 三菱 三菱
ｅＫスポーツ...
  ✓ 25グレード保存
[589/756] 三菱 三菱
ｅＫワゴン...
  ✓ 50グレード保存
[590/756] 光岡 ミツオカ
オロチ...
  ✓ 7グレード保存
[591/756] 光岡 ミツオカ
ガリュー...
  リトライ 1/3...
  ✓ 18グレード保存
[592/756] 光岡 ミツオカ
ガリューI...
  ✓ 1グレード保存
[593/756] 光岡 ミツオカ
ガリューII...
  ✓ 5グレード保存
[594/756] 光岡 ミツオカ
ガリュークラシック...
  ✓ 7グレード保存
[595/756] 光岡 ミツオカ
ガリューコンバーチブル...
  ✓ 0グレード保存
[596/756] 光岡 ミツオカ
ガリューリムジンＳ５０...
  ✓ 3グレード保存
[597/756] 光岡 ミツオカ
ガリュー２０４...
  ✓ 12グレード保存
[598/756] 光岡 ミツオカ
ゼロワン...
  ✓ 2グレード保存
[599/756] 光岡 ミツオカ
ヌエラ...
  ✓ 8グレード保存
[600/756] 光岡 ミツオカ
ヌエラ６－０２セダン...
  ✓ 14グレード保存

=== 進捗: 600/756 (15142グレード, 0エラー, 経過138.0分, 残り約36分) ===

[601/756] 光岡 ミツオカ
ヌエラ６－０２ワゴン...
  ✓ 13グレード保存
[602/756] 光岡 ミツオカ
バディ...
  ✓ 9グレード保存
[603/756] 光岡 ミツオカ
ヒミコ...
  ✓ 22グレード保存
[604/756] 光岡 ミツオカ
ビュート...
  ✓ 101グレード保存
[605/756] 光岡 ミツオカ
ビュート ストーリー...
  ✓ 24グレード保存
[606/756] 光岡 ミツオカ
ユーガ...
  ✓ 1グレード保存
[607/756] 光岡 ミツオカ
ライク...
  ✓ 3グレード保存
[608/756] 光岡 ミツオカ
ラ・セード...
  ✓ 0グレード保存
[609/756] 光岡 ミツオカ
リューギ...
  ✓ 28グレード保存
[610/756] 光岡 ミツオカ
リューギワゴン...
  ✓ 16グレード保存
[611/756] 光岡 ミツオカ
リョーガ...
  ✓ 21グレード保存
[612/756] 光岡 ミツオカ
レイ...
  ✓ 0グレード保存
[613/756] 光岡 ミツオカ
ロックスター...
  ✓ 2グレード保存
[614/756] 光岡 ミツオカ
Ｍ５５...
  ✓ 4グレード保存
[615/756] 日産 日産
アトラス...
  リトライ 1/3...
  ✓ 265グレード保存
[616/756] 日産 日産
アトラスダンプ...
  ✓ 37グレード保存
[617/756] 日産 日産
アトラスロコ...
  ✓ 8グレード保存
[618/756] 日産 日産
アトラスＦ２４...
  ✓ 23グレード保存
[619/756] 日産 日産
アベニール...
  ✓ 85グレード保存
[620/756] 日産 日産
アベニールカーゴ...
  ✓ 27グレード保存
[621/756] 日産 日産
アベニールサリュー...
  ✓ 35グレード保存
[622/756] 日産 日産
アリア...
  ✓ 11グレード保存
[623/756] 日産 日産
インフィニティＱ４５...
  ✓ 9グレード保存
[624/756] 日産 日産
ウイングロード...
  ✓ 168グレード保存
[625/756] 日産 日産
エキスパート...
  ✓ 38グレード保存
[626/756] 日産 日産
エクサ...
  ✓ 10グレード保存
[627/756] 日産 日産
エスカルゴ...
  ✓ 3グレード保存
[628/756] 日産 日産
エルグランド...
  ✓ 347グレード保存
[629/756] 日産 日産
オッティ...
  ✓ 44グレード保存
[630/756] 日産 日産
オーラ...
  ✓ 11グレード保存
[631/756] 日産 日産
キックス...
  ✓ 16グレード保存
[632/756] 日産 日産
キャラバン...
  ✓ 302グレード保存
[633/756] 日産 日産
キャラバンエルグランド...
  ✓ 33グレード保存
[634/756] 日産 日産
キャラバンコーチ...
  ✓ 111グレード保存
[635/756] 日産 日産
キャラバンバス...
  ✓ 3グレード保存
[636/756] 日産 日産
キャラバンワゴン...
  ✓ 9グレード保存
[637/756] 日産 日産
キャラバンＣＮＧ...
  ✓ 2グレード保存
[638/756] 日産 日産
キャラバンＣＮＧＶ...
  ✓ 2グレード保存
[639/756] 日産 日産
キューブ...
  ✓ 195グレード保存
[640/756] 日産 日産
キューブキュービック...
  ✓ 52グレード保存
[641/756] 日産 日産
クエスト...
  ✓ 0グレード保存
[642/756] 日産 日産
クリッパートラック...
  ✓ 29グレード保存
[643/756] 日産 日産
クリッパーバン...
  ✓ 25グレード保存
[644/756] 日産 日産
クリッパーリオ...
  ✓ 20グレード保存
[645/756] 日産 日産
クリッパーＥＶ...
  ✓ 3グレード保存
[646/756] 日産 日産
クルー...
  ✓ 12グレード保存
[647/756] 日産 日産
グロリア...
  ✓ 190グレード保存
[648/756] 日産 日産
グロリアバン...
  ✓ 10グレード保存
[649/756] 日産 日産
グロリアワゴン...
  ✓ 5グレード保存
[650/756] 日産 日産
グロリア・シーマ...
  ✓ 7グレード保存

=== 進捗: 650/756 (17533グレード, 0エラー, 経過152.8分, 残り約25分) ===

[651/756] 日産 日産
サクラ...
  ✓ 5グレード保存
[652/756] 日産 日産
サニー...
  ✓ 182グレード保存
[653/756] 日産 日産
サニーカリフォルニア...
  ✓ 12グレード保存
[654/756] 日産 日産
サニートラック...
  ✓ 2グレード保存
[655/756] 日産 日産
サニーＮＸクーペ...
  ✓ 9グレード保存
[656/756] 日産 日産
サファリ...
  ✓ 78グレード保存
[657/756] 日産 日産
シルビア...
  ✓ 65グレード保存
[658/756] 日産 日産
シルフィ...
  ✓ 5グレード保存
[659/756] 日産 日産
シーマ...
  ✓ 76グレード保存
[660/756] 日産 日産
ジューク...
  ✓ 38グレード保存
[661/756] 日産 日産
スカイライン...
  ✓ 194グレード保存
[662/756] 日産 日産
スカイラインクロスオーバー...
  ✓ 4グレード保存
[663/756] 日産 日産
ステージア...
  ✓ 86グレード保存
[664/756] 日産 日産
セドリック...
  ✓ 203グレード保存
[665/756] 日産 日産
セドリックバン...
  ✓ 10グレード保存
[666/756] 日産 日産
セドリックワゴン...
  ✓ 5グレード保存
[667/756] 日産 日産
セドリック・シーマ...
  ✓ 7グレード保存
[668/756] 日産 日産
セフィーロ...
  ✓ 70グレード保存
[669/756] 日産 日産
セフィーロワゴン...
  ✓ 20グレード保存
[670/756] 日産 日産
セレナ...
  ✓ 506グレード保存
[671/756] 日産 日産
セレナカーゴ...
  ✓ 10グレード保存
[672/756] 日産 日産
ダットサントラック...
  ✓ 19グレード保存
[673/756] 日産 日産
ダットサンピックアップ...
  ✓ 36グレード保存
[674/756] 日産 日産
ティアナ...
  ✓ 55グレード保存
[675/756] 日産 日産
ティーダ...
  ✓ 50グレード保存
[676/756] 日産 日産
ティーダラティオ...
  ✓ 16グレード保存
[677/756] 日産 日産
ティーノ...
  ✓ 30グレード保存
[678/756] 日産 日産
テラノ...
  ✓ 94グレード保存
[679/756] 日産 日産
テラノレグラス...
  ✓ 17グレード保存
[680/756] 日産 日産
デイズ...
  ✓ 62グレード保存
[681/756] 日産 日産
デイズルークス...
  ✓ 24グレード保存
[682/756] 日産 日産
デュアリス...
  ✓ 18グレード保存
[683/756] 日産 日産
バサラ...
  ✓ 68グレード保存
[684/756] 日産 日産
バネットセレナ...
  ✓ 50グレード保存
[685/756] 日産 日産
バネットトラック...
  ✓ 64グレード保存
[686/756] 日産 日産
バネットバン...
  ✓ 90グレード保存
[687/756] 日産 日産
バネットラルゴコーチ...
  ✓ 29グレード保存
[688/756] 日産 日産
パオ...
  ✓ 2グレード保存
[689/756] 日産 日産
パルサー...
  ✓ 89グレード保存
[690/756] 日産 日産
パルサーセリエ...
  ✓ 19グレード保存
[691/756] 日産 日産
パルサーセリエＳ－ＲＶ...
  ✓ 25グレード保存
[692/756] 日産 日産
ピノ...
  ✓ 5グレード保存
[693/756] 日産 日産
フィガロ...
  ✓ 1グレード保存
[694/756] 日産 日産
フェアレディＺ...
  ✓ 74グレード保存
[695/756] 日産 日産
フーガ...
  ✓ 57グレード保存
[696/756] 日産 日産
フーガハイブリッド...
  ✓ 8グレード保存
[697/756] 日産 日産
ブルーバード...
  ✓ 117グレード保存
[698/756] 日産 日産
ブルーバードオーズィー...
  ✓ 1グレード保存
[699/756] 日産 日産
ブルーバードシルフィ...
  ✓ 45グレード保存
[700/756] 日産 日産
ブルーバードワゴン...
  ✓ 3グレード保存

=== 進捗: 700/756 (20288グレード, 0エラー, 経過168.0分, 残り約13分) ===

[701/756] 日産 日産
プリメーラ...
  ✓ 68グレード保存
[702/756] 日産 日産
プリメーラカミノ...
  ✓ 25グレード保存
[703/756] 日産 日産
プリメーラワゴン...
  ✓ 43グレード保存
[704/756] 日産 日産
プリメーラ・カミノワゴン...
  ✓ 16グレード保存
[705/756] 日産 日産
プリメーラＵＫ...
  ✓ 1グレード保存
[706/756] 日産 日産
プレサージュ...
  ✓ 132グレード保存
[707/756] 日産 日産
プレジデント...
  ✓ 20グレード保存
[708/756] 日産 日産
プレジデントＪＳ...
  ✓ 6グレード保存
[709/756] 日産 日産
プレセア...
  ✓ 42グレード保存
[710/756] 日産 日産
プレーリー...
  ✓ 24グレード保存
[711/756] 日産 日産
プレーリージョイ...
  ✓ 12グレード保存
[712/756] 日産 日産
ホーミーエルグランド...
  ✓ 33グレード保存
[713/756] 日産 日産
ホーミーコーチ...
  ✓ 95グレード保存
[714/756] 日産 日産
ホーミーバン...
  ✓ 101グレード保存
[715/756] 日産 日産
マイクラＣ＋Ｃ...
  ✓ 1グレード保存
[716/756] 日産 日産
マキシマ...
  ✓ 8グレード保存
[717/756] 日産 日産
マーチ...
  ✓ 188グレード保存
[718/756] 日産 日産
マーチＢＯＸ...
  ✓ 4グレード保存
[719/756] 日産 日産
ミストラル...
  ✓ 5グレード保存
[720/756] 日産 日産
ムラーノ...
  ✓ 34グレード保存
[721/756] 日産 日産
モコ...
  ✓ 62グレード保存
[722/756] 日産 日産
ラシーン...
  ✓ 16グレード保存
[723/756] 日産 日産
ラティオ...
  ✓ 4グレード保存
[724/756] 日産 日産
ラフェスタ...
  ✓ 83グレード保存
[725/756] 日産 日産
ラルゴ...
  ✓ 91グレード保存
[726/756] 日産 日産
ラルゴバン...
  ✓ 6グレード保存
[727/756] 日産 日産
リバティ...
  ✓ 72グレード保存
[728/756] 日産 日産
リーフ...
  ✓ 42グレード保存
[729/756] 日産 日産
ルキノ...
  ✓ 10グレード保存
[730/756] 日産 日産
ルキノ・ハッチ...
  ✓ 13グレード保存
[731/756] 日産 日産
ルキノＳ－ＲＶ...
  ✓ 23グレード保存
[732/756] 日産 日産
ルネッサ...
  ✓ 24グレード保存
[733/756] 日産 日産
ルークス...
  ✓ 63グレード保存
[734/756] 日産 日産
レパード...
  ✓ 19グレード保存
[735/756] 日産 日産
レパードＪ．フェリー...
  ✓ 6グレード保存
[736/756] 日産 日産
ローレル...
  ✓ 132グレード保存
[737/756] 日産 日産
１８０ＳＸ...
  ✓ 18グレード保存
[738/756] 日産 日産
ＡＤ...
  ✓ 25グレード保存
[739/756] 日産 日産
ＡＤ ＭＡＸワゴン...
  ✓ 2グレード保存
[740/756] 日産 日産
ＡＤエキスパート...
  ✓ 4グレード保存
[741/756] 日産 日産
ＡＤバン...
  ✓ 116グレード保存
[742/756] 日産 日産
ＡＤバンＣＮＧＶ...
  ✓ 2グレード保存
[743/756] 日産 日産
ＡＤワゴン...
  ✓ 19グレード保存
[744/756] 日産 日産
ＧＴ－Ｒ...
  ✓ 23グレード保存
[745/756] 日産 日産
ＮＴ１００クリッパートラック...
  ✓ 15グレード保存
[746/756] 日産 日産
ＮＶ１００クリッパーバン...
  ✓ 31グレード保存
[747/756] 日産 日産
ＮＶ１００クリッパーリオ...
  ✓ 8グレード保存
[748/756] 日産 日産
ＮＶ１５０ＡＤ...
  ✓ 8グレード保存
[749/756] 日産 日産
ＮＶ２００バネットバン...
  ✓ 16グレード保存
[750/756] 日産 日産
ＮＶ２００バネットワゴン...
  ✓ 9グレード保存

=== 進捗: 750/756 (22108グレード, 0エラー, 経過180.3分, 残り約1分) ===

[751/756] 日産 日産
ＮＶ３５０キャラバンバン...
  ✓ 53グレード保存
[752/756] 日産 日産
ＮＶ３５０キャラバンマイクロバス...
  ✓ 8グレード保存
[753/756] 日産 日産
ＮＶ３５０キャラバンワゴン...
  ✓ 11グレード保存
[754/756] 日産 日産
ＶＷサンタナ...
  ✓ 4グレード保存
[755/756] 日産 日産
ｅ－ＮＶ２００バン...
  ✓ 3グレード保存
[756/756] 日産 日産
ｅ－ＮＶ２００ワゴン...
  ✓ 1グレード保存

=== 完了 ===
保存: 22188グレード
エラー: 0件
スキップ: 0件
所要時間: 181.3分
